<?xml version="1.0" encoding="UTF-8"?>
<testng-results ignored="2" total="2" passed="0" failed="0" skipped="0">
  <reporter-output>
  </reporter-output>
  <suite started-at="2024-11-14T19:20:45 IST" name="Default suite" finished-at="2024-11-14T19:20:45 IST" duration-ms="7">
    <groups>
    </groups>
    <test started-at="2024-11-14T19:20:45 IST" name="Default test" finished-at="2024-11-14T19:20:45 IST" duration-ms="7">
      <class name="NGTest.NewTest">
        <test-method is-config="true" signature="beforeSuite()[pri:0, instance:NGTest.NewTest@3a93b025]" started-at="2024-11-14T19:20:45 IST" name="beforeSuite" finished-at="2024-11-14T19:20:45 IST" duration-ms="5" status="PASS">
          <reporter-output>
          </reporter-output>
        </test-method> <!-- beforeSuite -->
        <test-method is-config="true" signature="beforeTest()[pri:0, instance:NGTest.NewTest@3a93b025]" started-at="2024-11-14T19:20:45 IST" name="beforeTest" finished-at="2024-11-14T19:20:45 IST" duration-ms="1" status="PASS">
          <reporter-output>
          </reporter-output>
        </test-method> <!-- beforeTest -->
        <test-method is-config="true" signature="afterTest()[pri:0, instance:NGTest.NewTest@3a93b025]" started-at="2024-11-14T19:20:45 IST" name="afterTest" finished-at="2024-11-14T19:20:45 IST" duration-ms="0" status="PASS">
          <reporter-output>
          </reporter-output>
        </test-method> <!-- afterTest -->
        <test-method is-config="true" signature="afterSuite()[pri:0, instance:NGTest.NewTest@3a93b025]" started-at="2024-11-14T19:20:45 IST" name="afterSuite" finished-at="2024-11-14T19:20:45 IST" duration-ms="1" status="PASS">
          <reporter-output>
          </reporter-output>
        </test-method> <!-- afterSuite -->
      </class> <!-- NGTest.NewTest -->
    </test> <!-- Default test -->
  </suite> <!-- Default suite -->
</testng-results>
